<?xml version="1.0" encoding="UTF-8"?>
<!-- Generated by org.testng.reporters.JUnitXMLReporter -->
<testsuite ignored="0" hostname="Dell_123" failures="0" tests="3" name="Default test" time="141.032" errors="0" timestamp="2025-08-20T23:25:43 IST">
  <testcase classname="day23.Dataprovider" name="login" time="10.881"/>
  <testcase classname="day23.Dataprovider" name="login" time="11.405"/>
  <testcase classname="day23.Dataprovider" name="login" time="3.545"/>
</testsuite> <!-- Default test -->
