<?xml version="1.0" encoding="UTF-8"?>
<!-- Generated by org.testng.reporters.JUnitXMLReporter -->
<testsuite ignored="1" hostname="Dell_123" failures="0" tests="2" name="Test" time="21.955" errors="0" timestamp="2025-08-18T15:22:34 IST">
  <testcase classname="day23.IgnoreTestCases" name="loginTest" time="5.129"/>
  <testcase classname="day23.IgnoreTestCases" name="logOut" time="4.783"/>
  <testcase classname="day23.IgnoreTestCases" name="employeeSearch" time="0.0">
    <ignored/>
  </testcase> <!-- employeeSearch -->
</testsuite> <!-- Test -->
