<?xml version="1.0" encoding="UTF-8"?>
<testng-results ignored="0" total="2" passed="2" failed="0" skipped="0">
  <reporter-output>
  </reporter-output>
  <suite started-at="2025-08-15T14:08:28 IST" name="Default suite" finished-at="2025-08-15T14:09:45 IST" duration-ms="77184">
    <groups>
    </groups>
    <test started-at="2025-08-15T14:08:28 IST" name="Default test" finished-at="2025-08-15T14:09:45 IST" duration-ms="77184">
      <class name="com.testing.Application">
        <test-method signature="lauchFacebook()[pri:0, instance:com.testing.Application@4135c3b]" started-at="2025-08-15T14:08:28 IST" name="lauchFacebook" finished-at="2025-08-15T14:09:08 IST" duration-ms="39843" status="PASS">
          <reporter-output>
          </reporter-output>
        </test-method> <!-- lauchFacebook -->
        <test-method signature="signUp()[pri:0, instance:com.testing.Application@4135c3b]" started-at="2025-08-15T14:09:08 IST" name="signUp" finished-at="2025-08-15T14:09:45 IST" duration-ms="36903" status="PASS">
          <reporter-output>
          </reporter-output>
        </test-method> <!-- signUp -->
        <test-method is-config="true" signature="tearDown()[pri:0, instance:com.testing.Application@4135c3b]" started-at="2025-08-15T14:09:45 IST" name="tearDown" finished-at="2025-08-15T14:09:45 IST" duration-ms="317" status="PASS">
          <reporter-output>
          </reporter-output>
        </test-method> <!-- tearDown -->
      </class> <!-- com.testing.Application -->
    </test> <!-- Default test -->
  </suite> <!-- Default suite -->
</testng-results>
