<?xml version="1.0" encoding="UTF-8"?>
<testng-results ignored="0" total="3" passed="3" failed="0" skipped="0">
  <reporter-output>
  </reporter-output>
  <suite started-at="2025-08-20T23:23:22 IST" name="Default suite" finished-at="2025-08-20T23:25:43 IST" duration-ms="141032">
    <groups>
    </groups>
    <test started-at="2025-08-20T23:23:22 IST" name="Default test" finished-at="2025-08-20T23:25:43 IST" duration-ms="141032">
      <class name="day23.Dataprovider">
        <test-method is-config="true" signature="launch()[pri:0, instance:day23.Dataprovider@4c12331b]" started-at="2025-08-20T23:23:22 IST" name="launch" finished-at="2025-08-20T23:25:17 IST" duration-ms="114573" status="PASS">
          <reporter-output>
          </reporter-output>
        </test-method> <!-- launch -->
        <test-method signature="login(java.lang.String,java.lang.String)[pri:0, instance:day23.Dataprovider@4c12331b]" started-at="2025-08-20T23:25:17 IST" name="login" data-provider="loginData" finished-at="2025-08-20T23:25:27 IST" duration-ms="10881" status="PASS">
          <params>
            <param index="0">
              <value>
                <![CDATA[testuser1@gmail.com]]>
              </value>
            </param>
            <param index="1">
              <value>
                <![CDATA[password1]]>
              </value>
            </param>
          </params>
          <reporter-output>
          </reporter-output>
        </test-method> <!-- login -->
        <test-method signature="login(java.lang.String,java.lang.String)[pri:0, instance:day23.Dataprovider@4c12331b]" started-at="2025-08-20T23:25:27 IST" name="login" data-provider="loginData" finished-at="2025-08-20T23:25:39 IST" duration-ms="11405" status="PASS">
          <params>
            <param index="0">
              <value>
                <![CDATA[testuser2@gmail.com]]>
              </value>
            </param>
            <param index="1">
              <value>
                <![CDATA[password2]]>
              </value>
            </param>
          </params>
          <reporter-output>
          </reporter-output>
        </test-method> <!-- login -->
        <test-method signature="login(java.lang.String,java.lang.String)[pri:0, instance:day23.Dataprovider@4c12331b]" started-at="2025-08-20T23:25:39 IST" name="login" data-provider="loginData" finished-at="2025-08-20T23:25:42 IST" duration-ms="3545" status="PASS">
          <params>
            <param index="0">
              <value>
                <![CDATA[Kempanna@gmail.com]]>
              </value>
            </param>
            <param index="1">
              <value>
                <![CDATA[Kp@123]]>
              </value>
            </param>
          </params>
          <reporter-output>
          </reporter-output>
        </test-method> <!-- login -->
        <test-method is-config="true" signature="closeBrowser()[pri:0, instance:day23.Dataprovider@4c12331b]" started-at="2025-08-20T23:25:42 IST" name="closeBrowser" finished-at="2025-08-20T23:25:43 IST" duration-ms="515" status="PASS">
          <reporter-output>
          </reporter-output>
        </test-method> <!-- closeBrowser -->
      </class> <!-- day23.Dataprovider -->
    </test> <!-- Default test -->
  </suite> <!-- Default suite -->
</testng-results>
